Executing action: all (aliases: build)
Running ninja in directory /root/rtos_projects/rtos_led_project/build
Executing "ninja all"...
[1/47] Linking C static library esp-idf/mbedtls/libmbedtls.a
[2/47] Linking C static library esp-idf/esp_driver_dma/libesp_driver_dma.a
[3/47] Building C object esp-idf/dht11/CMakeFiles/__idf_dht11.dir/dht11.c.obj
FAILED: esp-idf/dht11/CMakeFiles/__idf_dht11.dir/dht11.c.obj 
/root/.espressif/tools/xtensa-esp-elf/esp-15.2.0_20251204/xtensa-esp-elf/bin/xtensa-esp32-elf-gcc -DESP_PLATFORM -DIDF_VER=\"v6.1-dev-2441-gffb63db38b\" -DSOC_MMU_PAGE_SIZE=CONFIG_MMU_PAGE_SIZE -DSOC_XTAL_FREQ_MHZ=CONFIG_XTAL_FREQ -D_GLIBCXX_HAVE_POSIX_SEMAPHORE -D_GLIBCXX_USE_POSIX_SEMAPHORE -D_GNU_SOURCE -D_POSIX_READER_WRITER_LOCKS -I/root/rtos_projects/rtos_led_project/build/config -I/root/rtos_projects/rtos_led_project/components/dht11 -I/root/esp-idf/components/esp_libc/platform_include -I/root/esp-idf/components/freertos/config/include -I/root/esp-idf/components/freertos/config/include/freertos -I/root/esp-idf/components/freertos/config/xtensa/include -I/root/esp-idf/components/freertos/FreeRTOS-Kernel/include -I/root/esp-idf/components/freertos/FreeRTOS-Kernel/portable/xtensa/include -I/root/esp-idf/components/freertos/FreeRTOS-Kernel/portable/xtensa/include/freertos -I/root/esp-idf/components/freertos/esp_additions/include -I/root/esp-idf/components/esp_hw_support/include -I/root/esp-idf/components/esp_hw_support/include/soc -I/root/esp-idf/components/esp_hw_support/ldo/include -I/root/esp-idf/components/esp_hw_support/debug_probe/include -I/root/esp-idf/components/esp_hw_support/etm/include -I/root/esp-idf/components/esp_hw_support/mspi/mspi_timing_tuning/include -I/root/esp-idf/components/esp_hw_support/mspi/mspi_timing_tuning/tuning_scheme_impl/include -I/root/esp-idf/components/esp_hw_support/mspi/mspi_intr/include -I/root/esp-idf/components/esp_hw_support/power_supply/include -I/root/esp-idf/components/esp_hw_support/modem/include -I/root/esp-idf/components/esp_hw_support/port/esp32/. -I/root/esp-idf/components/esp_hw_support/port/esp32/include -I/root/esp-idf/components/heap/include -I/root/esp-idf/components/heap/tlsf -I/root/esp-idf/components/log/include -I/root/esp-idf/components/soc/include -I/root/esp-idf/components/soc/esp32 -I/root/esp-idf/components/soc/esp32/include -I/root/esp-idf/components/soc/esp32/register -I/root/esp-idf/components/hal/platform_port/include -I/root/esp-idf/components/hal/esp32/include -I/root/esp-idf/components/hal/include -I/root/esp-idf/components/esp_rom/include -I/root/esp-idf/components/esp_rom/esp32/include -I/root/esp-idf/components/esp_rom/esp32/include/esp32 -I/root/esp-idf/components/esp_rom/esp32 -I/root/esp-idf/components/esp_common/include -I/root/esp-idf/components/esp_system/include -I/root/esp-idf/components/esp_system/port/soc -I/root/esp-idf/components/esp_system/port/include/private -I/root/esp-idf/components/esp_stdio/include -I/root/esp-idf/components/xtensa/esp32/include -I/root/esp-idf/components/xtensa/include -I/root/esp-idf/components/xtensa/deprecated_include -I/root/esp-idf/components/esp_hal_gpio/include -I/root/esp-idf/components/esp_hal_gpio/esp32/include -I/root/esp-idf/components/esp_hal_usb/include -I/root/esp-idf/components/esp_hal_pmu/include -I/root/esp-idf/components/esp_hal_pmu/esp32/include -I/root/esp-idf/components/esp_hal_ana_conv/include -I/root/esp-idf/components/esp_hal_ana_conv/esp32/include -I/root/esp-idf/components/esp_hal_dma/include -I/root/esp-idf/components/esp_hal_i2s/include -I/root/esp-idf/components/esp_hal_i2s/esp32/include -I/root/esp-idf/components/lwip/include -I/root/esp-idf/components/lwip/include/apps -I/root/esp-idf/components/lwip/lwip/src/include -I/root/esp-idf/components/lwip/port/include -I/root/esp-idf/components/lwip/port/freertos/include -I/root/esp-idf/components/lwip/port/esp32xx/include -I/root/esp-idf/components/lwip/port/esp32xx/include/arch -I/root/esp-idf/components/lwip/port/esp32xx/include/sys -I/root/esp-idf/components/esp_driver_gpio/include -I/root/esp-idf/components/esp_timer/include @"/root/rtos_projects/rtos_led_project/build/toolchain/cflags" -ffunction-sections -fdata-sections -Wall -Werror -Wno-error=unused-function -Wno-error=unused-variable -Wno-error=unused-but-set-variable -Wno-error=deprecated-declarations -Wextra -Wno-error=extra -Wno-unused-parameter -Wno-sign-compare -Wno-enum-conversion -gdwarf-4 -ggdb -Og -fno-shrink-wrap -fmacro-prefix-map=/root/rtos_projects/rtos_led_project=. -fmacro-prefix-map=/root/esp-idf=/IDF -fstrict-volatile-bitfields -fno-jump-tables -fno-tree-switch-conversion -std=gnu23 -Wno-old-style-declaration -fzero-init-padding-bits=all -fno-malloc-dce -MD -MT esp-idf/dht11/CMakeFiles/__idf_dht11.dir/dht11.c.obj -MF esp-idf/dht11/CMakeFiles/__idf_dht11.dir/dht11.c.obj.d -o esp-idf/dht11/CMakeFiles/__idf_dht11.dir/dht11.c.obj -c /root/rtos_projects/rtos_led_project/components/dht11/dht11.c
/root/rtos_projects/rtos_led_project/components/dht11/dht11.c: In function 'dht11_read':
/root/rtos_projects/rtos_led_project/components/dht11/dht11.c:30:9: error: conflicting types for 'timeout'; have 'int'
   30 |     int timeout = 10000;
      |         ^~~~~~~
/root/rtos_projects/rtos_led_project/components/dht11/dht11.c:25:13: note: previous definition of 'timeout' with type 'int64_t' {aka 'long long int'}
   25 |     int64_t timeout = esp_timer_get_time();
      |             ^~~~~~~
/root/rtos_projects/rtos_led_project/components/dht11/dht11.c:33:5: error: implicit declaration of function 'ets_delay_us'; did you mean 'delay_us'? [-Wimplicit-function-declaration]
   33 |     ets_delay_us(1);
      |     ^~~~~~~~~~~~
      |     delay_us
[4/47] Building C object esp-idf/esp_driver_spi/CMakeFiles/__idf_esp_driver_spi.dir/src/gpspi/spi_dma.c.obj
[5/47] Building C object esp-idf/espressif__led_strip/CMakeFiles/__idf_espressif__led_strip.dir/src/led_strip_rmt_encoder.c.obj
[6/47] Linking C static library esp-idf/esp_mm/libesp_mm.a
[7/47] Building C object esp-idf/espressif__led_strip/CMakeFiles/__idf_espressif__led_strip.dir/src/led_strip_api.c.obj
[8/47] Building C object esp-idf/main/CMakeFiles/__idf_main.dir/blink_example_main.c.obj
[9/47] Building C object esp-idf/main/CMakeFiles/__idf_main.dir/sensor_task.c.obj
/root/rtos_projects/rtos_led_project/main/sensor_task.c:6:20: warning: 'TAG' defined but not used [-Wunused-variable]
    6 | static const char *TAG = "SENSOR_TASK";
      |                    ^~~
[10/47] Building C object esp-idf/espressif__led_strip/CMakeFiles/__idf_espressif__led_strip.dir/src/led_strip_spi_dev.c.obj
[11/47] Building C object esp-idf/main/CMakeFiles/__idf_main.dir/led_task.c.obj
[12/47] Building C object esp-idf/espressif__led_strip/CMakeFiles/__idf_espressif__led_strip.dir/src/led_strip_rmt_dev.c.obj
[13/47] Building C object esp-idf/esp_driver_spi/CMakeFiles/__idf_esp_driver_spi.dir/src/gpspi/spi_slave.c.obj
[14/47] Building C object esp-idf/esp_driver_spi/CMakeFiles/__idf_esp_driver_spi.dir/src/gpspi/spi_common.c.obj
[15/47] Building C object esp-idf/esp_driver_spi/CMakeFiles/__idf_esp_driver_spi.dir/src/gpspi/spi_master.c.obj
[16/47] Performing build step for 'bootloader'
[1/139] Generating project_elf_src_esp32.c
[2/139] Preprocessing linker script /root/esp-idf/components/bootloader/subproject/main/ld/esp32/bootloader.ld.in -> /root/rtos_projects/rtos_led_project/build/bootloader/ld/bootloader.ld
[3/139] Building C object esp-idf/xtensa/CMakeFiles/__idf_xtensa.dir/eri.c.obj
[4/139] Building C object esp-idf/soc/CMakeFiles/__idf_soc.dir/dport_access_common.c.obj
[5/139] Building C object esp-idf/xtensa/CMakeFiles/__idf_xtensa.dir/xt_trax.c.obj
[6/139] Building C object esp-idf/soc/CMakeFiles/__idf_soc.dir/lldesc.c.obj
[7/139] Building C object esp-idf/soc/CMakeFiles/__idf_soc.dir/esp32/interrupts.c.obj
[8/139] Building C object esp-idf/soc/CMakeFiles/__idf_soc.dir/esp32/gpio_periph.c.obj
[9/139] Building C object esp-idf/soc/CMakeFiles/__idf_soc.dir/esp32/mpi_periph.c.obj
[10/139] Building C object esp-idf/soc/CMakeFiles/__idf_soc.dir/esp32/dport_access.c.obj
[11/139] Building C object esp-idf/soc/CMakeFiles/__idf_soc.dir/esp32/power_supply_periph.c.obj
[12/139] Building C object esp-idf/esp_hal_gpio/CMakeFiles/__idf_esp_hal_gpio.dir/sdm_hal.c.obj
[13/139] Building C object CMakeFiles/bootloader.elf.dir/project_elf_src_esp32.c.obj
[14/139] Building C object esp-idf/hal/CMakeFiles/__idf_hal.dir/efuse_hal.c.obj
[15/139] Building C object esp-idf/esp_hal_gpio/CMakeFiles/__idf_esp_hal_gpio.dir/esp32/sdm_periph.c.obj
[16/139] Building C object esp-idf/esp_hal_gpspi/CMakeFiles/__idf_esp_hal_gpspi.dir/esp32/spi_periph.c.obj
[17/139] Building C object esp-idf/hal/CMakeFiles/__idf_hal.dir/hal_utils.c.obj
[18/139] Building C object esp-idf/esp_hal_gpio/CMakeFiles/__idf_esp_hal_gpio.dir/esp32/rtc_io_periph.c.obj
[19/139] Building C object esp-idf/hal/CMakeFiles/__idf_hal.dir/esp32/efuse_hal.c.obj
[20/139] Building C object esp-idf/hal/CMakeFiles/__idf_hal.dir/esp32/cache_hal_esp32.c.obj
[21/139] Building C object esp-idf/esp_hal_gpio/CMakeFiles/__idf_esp_hal_gpio.dir/gpio_hal.c.obj
[22/139] Building C object esp-idf/esp_hal_pmu/CMakeFiles/__idf_esp_hal_pmu.dir/brownout_hal.c.obj
[23/139] Building C object esp-idf/esp_hal_mspi/CMakeFiles/__idf_esp_hal_mspi.dir/esp32/mspi_periph.c.obj
[24/139] Building C object esp-idf/esp_bootloader_format/CMakeFiles/__idf_esp_bootloader_format.dir/esp_bootloader_desc.c.obj
[25/139] Building C object esp-idf/esp_hal_gpio/CMakeFiles/__idf_esp_hal_gpio.dir/rtc_io_hal.c.obj
[26/139] Building C object esp-idf/spi_flash/CMakeFiles/__idf_spi_flash.dir/spi_flash_wrap.c.obj
[27/139] Building C object esp-idf/esp_hal_gpspi/CMakeFiles/__idf_esp_hal_gpspi.dir/spi_hal.c.obj
[28/139] Building C object esp-idf/esp_hal_wdt/CMakeFiles/__idf_esp_hal_wdt.dir/esp32/mwdt_periph.c.obj
[29/139] Building C object esp-idf/esp_hal_gpspi/CMakeFiles/__idf_esp_hal_gpspi.dir/spi_slave_hal.c.obj
[30/139] Building C object esp-idf/esp_hal_timg/CMakeFiles/__idf_esp_hal_timg.dir/esp32/timer_periph.c.obj
[31/139] Building C object esp-idf/esp_hal_clock/CMakeFiles/__idf_esp_hal_clock.dir/esp32/clk_tree_hal.c.obj
[32/139] Building C object esp-idf/hal/CMakeFiles/__idf_hal.dir/mmu_hal.c.obj
[33/139] Building C object esp-idf/esp_hal_timg/CMakeFiles/__idf_esp_hal_timg.dir/timer_hal.c.obj
[34/139] Building C object esp-idf/esp_hal_gpspi/CMakeFiles/__idf_esp_hal_gpspi.dir/spi_slave_hal_iram.c.obj
[35/139] Building C object esp-idf/esp_hal_uart/CMakeFiles/__idf_esp_hal_uart.dir/esp32/uart_periph.c.obj
[36/139] Building C object esp-idf/esp_hal_ana_conv/CMakeFiles/__idf_esp_hal_ana_conv.dir/esp32/adc_periph.c.obj
[37/139] Building C object esp-idf/esp_hal_uart/CMakeFiles/__idf_esp_hal_uart.dir/uart_hal_iram.c.obj
[38/139] Building C object esp-idf/esp_hal_i2s/CMakeFiles/__idf_esp_hal_i2s.dir/esp32/i2s_periph.c.obj
[39/139] Building C object esp-idf/esp_hal_ana_conv/CMakeFiles/__idf_esp_hal_ana_conv.dir/esp32/dac_periph.c.obj
[40/139] Building C object esp-idf/esp_hal_wdt/CMakeFiles/__idf_esp_hal_wdt.dir/wdt_hal_iram.c.obj
[41/139] Building C object esp-idf/esp_hal_security/CMakeFiles/__idf_esp_hal_security.dir/mpu_hal.c.obj
[42/139] Building C object esp-idf/esp_hal_ana_conv/CMakeFiles/__idf_esp_hal_ana_conv.dir/adc_hal_common.c.obj
[43/139] Building C object esp-idf/esp_hal_gpspi/CMakeFiles/__idf_esp_hal_gpspi.dir/spi_hal_iram.c.obj
[44/139] Building C object esp-idf/esp_security/CMakeFiles/__idf_esp_security.dir/src/esp_crypto_lock.c.obj
[45/139] Building C object esp-idf/bootloader_support/CMakeFiles/__idf_bootloader_support.dir/src/bootloader_mem.c.obj
[46/139] Building C object esp-idf/bootloader_support/CMakeFiles/__idf_bootloader_support.dir/src/bootloader_console_loader.c.obj
[47/139] Building C object esp-idf/esp_hal_ana_conv/CMakeFiles/__idf_esp_hal_ana_conv.dir/adc_oneshot_hal.c.obj
[48/139] Building C object esp-idf/esp_hal_i2s/CMakeFiles/__idf_esp_hal_i2s.dir/i2s_hal.c.obj
[49/139] Building C object esp-idf/esp_security/CMakeFiles/__idf_esp_security.dir/src/esp_crypto_periph_clk.c.obj
[50/139] Building C object esp-idf/bootloader_support/CMakeFiles/__idf_bootloader_support.dir/src/bootloader_clock_init.c.obj
[51/139] Building C object esp-idf/esp_hal_uart/CMakeFiles/__idf_esp_hal_uart.dir/uart_hal.c.obj
[52/139] Building C object esp-idf/bootloader_support/CMakeFiles/__idf_bootloader_support.dir/src/bootloader_random.c.obj
[53/139] Building C object esp-idf/bootloader_support/CMakeFiles/__idf_bootloader_support.dir/src/bootloader_efuse.c.obj
[54/139] Building C object esp-idf/bootloader_support/CMakeFiles/__idf_bootloader_support.dir/src/secure_boot.c.obj
[55/139] Building C object esp-idf/bootloader_support/CMakeFiles/__idf_bootloader_support.dir/src/bootloader_random_esp32.c.obj
[56/139] Building C object esp-idf/bootloader_support/CMakeFiles/__idf_bootloader_support.dir/src/bootloader_common_loader.c.obj
[57/139] Building C object esp-idf/bootloader_support/CMakeFiles/__idf_bootloader_support.dir/src/bootloader_common.c.obj
[58/139] Building C object esp-idf/esp_hal_ana_conv/CMakeFiles/__idf_esp_hal_ana_conv.dir/adc_hal.c.obj
[59/139] Building C object esp-idf/bootloader_support/CMakeFiles/__idf_bootloader_support.dir/src/esp32/bootloader_soc.c.obj
[60/139] Building C object esp-idf/bootloader_support/CMakeFiles/__idf_bootloader_support.dir/src/flash_partitions.c.obj
[61/139] Building C object esp-idf/bootloader_support/CMakeFiles/__idf_bootloader_support.dir/bootloader_flash/src/flash_qio_mode.c.obj
[62/139] Building C object esp-idf/bootloader_support/CMakeFiles/__idf_bootloader_support.dir/src/flash_encrypt.c.obj
[63/139] Building C object esp-idf/bootloader_support/CMakeFiles/__idf_bootloader_support.dir/src/bootloader_sha.c.obj
[64/139] Building C object esp-idf/bootloader_support/CMakeFiles/__idf_bootloader_support.dir/src/bootloader_clock_loader.c.obj
[65/139] Building C object esp-idf/bootloader_support/CMakeFiles/__idf_bootloader_support.dir/src/bootloader_init.c.obj
[66/139] Building C object esp-idf/bootloader_support/CMakeFiles/__idf_bootloader_support.dir/src/bootloader_console.c.obj
[67/139] Building C object esp-idf/bootloader_support/CMakeFiles/__idf_bootloader_support.dir/src/bootloader_panic.c.obj
[68/139] Building C object esp-idf/efuse/CMakeFiles/__idf_efuse.dir/esp32/esp_efuse_fields.c.obj
[69/139] Building C object esp-idf/efuse/CMakeFiles/__idf_efuse.dir/esp32/esp_efuse_table.c.obj
[70/139] Building C object esp-idf/bootloader_support/CMakeFiles/__idf_bootloader_support.dir/bootloader_flash/src/bootloader_flash_config_esp32.c.obj
[71/139] Building C object esp-idf/bootloader_support/CMakeFiles/__idf_bootloader_support.dir/src/esp32/bootloader_esp32.c.obj
[72/139] Building C object esp-idf/efuse/CMakeFiles/__idf_efuse.dir/src/esp_efuse_fields.c.obj
[73/139] Building C object esp-idf/bootloader_support/CMakeFiles/__idf_bootloader_support.dir/bootloader_flash/src/bootloader_flash.c.obj
[74/139] Building C object esp-idf/efuse/CMakeFiles/__idf_efuse.dir/esp32/esp_efuse_utility.c.obj
[75/139] Building C object esp-idf/esp_system/CMakeFiles/__idf_esp_system.dir/esp_err.c.obj
[76/139] Building C object esp-idf/esp_hw_support/CMakeFiles/__idf_esp_hw_support.dir/esp_memory_utils.c.obj
[77/139] Building C object esp-idf/efuse/CMakeFiles/__idf_efuse.dir/src/esp_efuse_api.c.obj
[78/139] Building C object esp-idf/esp_hw_support/CMakeFiles/__idf_esp_hw_support.dir/port/esp32/cpu_region_protect.c.obj
[79/139] Building C object esp-idf/esp_hw_support/CMakeFiles/__idf_esp_hw_support.dir/port/esp32/esp_cpu_intr.c.obj
[80/139] Building C object esp-idf/efuse/CMakeFiles/__idf_efuse.dir/src/efuse_controller/keys/without_key_purposes/three_key_blocks/esp_efuse_api_key.c.obj
[81/139] Building C object esp-idf/esp_hw_support/CMakeFiles/__idf_esp_hw_support.dir/cpu.c.obj
[82/139] Building C object esp-idf/bootloader_support/CMakeFiles/__idf_bootloader_support.dir/src/bootloader_utility.c.obj
[83/139] Building C object esp-idf/esp_common/CMakeFiles/__idf_esp_common.dir/src/esp_err_to_name.c.obj
[84/139] Building C object esp-idf/esp_hw_support/CMakeFiles/__idf_esp_hw_support.dir/port/esp32/chip_info.c.obj
[85/139] Building C object esp-idf/esp_rom/CMakeFiles/__idf_esp_rom.dir/patches/esp_rom_crc.c.obj
[86/139] Building C object esp-idf/esp_rom/CMakeFiles/__idf_esp_rom.dir/patches/esp_rom_sys.c.obj
[87/139] Building C object esp-idf/esp_hw_support/CMakeFiles/__idf_esp_hw_support.dir/port/esp32/rtc_sleep.c.obj
[88/139] Building C object esp-idf/bootloader_support/CMakeFiles/__idf_bootloader_support.dir/src/esp_image_format.c.obj
[89/139] Building C object esp-idf/esp_hw_support/CMakeFiles/__idf_esp_hw_support.dir/port/esp32/rtc_clk_init.c.obj
[90/139] Building ASM object esp-idf/esp_rom/CMakeFiles/__idf_esp_rom.dir/patches/esp_rom_longjmp.S.obj
[91/139] Building C object esp-idf/esp_rom/CMakeFiles/__idf_esp_rom.dir/patches/esp_rom_efuse.c.obj
[92/139] Building C object esp-idf/esp_hw_support/CMakeFiles/__idf_esp_hw_support.dir/port/esp32/rtc_init.c.obj
[93/139] Building C object esp-idf/efuse/CMakeFiles/__idf_efuse.dir/src/esp_efuse_utility.c.obj
[94/139] Building C object esp-idf/log/CMakeFiles/__idf_log.dir/src/log_timestamp_common.c.obj
[95/139] Building C object esp-idf/esp_rom/CMakeFiles/__idf_esp_rom.dir/patches/esp_rom_gpio.c.obj
[96/139] Building C object esp-idf/esp_hw_support/CMakeFiles/__idf_esp_hw_support.dir/port/esp32/rtc_time.c.obj
[97/139] Building C object esp-idf/esp_rom/CMakeFiles/__idf_esp_rom.dir/patches/esp_rom_serial_output.c.obj
[98/139] Building C object esp-idf/log/CMakeFiles/__idf_log.dir/src/noos/log_lock.c.obj
[99/139] Building C object esp-idf/log/CMakeFiles/__idf_log.dir/src/noos/util.c.obj
[100/139] Building C object esp-idf/log/CMakeFiles/__idf_log.dir/src/util.c.obj
[101/139] Building C object esp-idf/log/CMakeFiles/__idf_log.dir/src/log_format_text.c.obj
[102/139] Building C object esp-idf/log/CMakeFiles/__idf_log.dir/src/noos/log_timestamp.c.obj
[103/139] Building C object esp-idf/log/CMakeFiles/__idf_log.dir/src/log_print.c.obj
[104/139] Building C object esp-idf/log/CMakeFiles/__idf_log.dir/src/log.c.obj
[105/139] Building C object esp-idf/micro-ecc/CMakeFiles/__idf_micro-ecc.dir/uECC_verify_antifault.c.obj
[106/139] Building C object esp-idf/main/CMakeFiles/__idf_main.dir/bootloader_start.c.obj
[107/139] Building C object esp-idf/log/CMakeFiles/__idf_log.dir/src/buffer/log_buffers.c.obj
[108/139] Linking C static library esp-idf/log/liblog.a
[109/139] Building C object esp-idf/esp_rom/CMakeFiles/__idf_esp_rom.dir/patches/esp_rom_print.c.obj
[110/139] Building C object esp-idf/esp_hw_support/CMakeFiles/__idf_esp_hw_support.dir/port/esp32/rtc_clk.c.obj
[111/139] Building C object esp-idf/esp_rom/CMakeFiles/__idf_esp_rom.dir/patches/esp_rom_spiflash.c.obj
[112/139] Linking C static library esp-idf/esp_rom/libesp_rom.a
[113/139] Linking C static library esp-idf/esp_common/libesp_common.a
[114/139] Linking C static library esp-idf/esp_hw_support/libesp_hw_support.a
[115/139] Linking C static library esp-idf/esp_system/libesp_system.a
[116/139] Linking C static library esp-idf/efuse/libefuse.a
[117/139] Linking C static library esp-idf/bootloader_support/libbootloader_support.a
[118/139] Linking C static library esp-idf/esp_security/libesp_security.a
[119/139] Linking C static library esp-idf/esp_hal_security/libesp_hal_security.a
[120/139] Linking C static library esp-idf/esp_hal_ana_conv/libesp_hal_ana_conv.a
[121/139] Linking C static library esp-idf/esp_hal_i2s/libesp_hal_i2s.a
[122/139] Linking C static library esp-idf/esp_hal_uart/libesp_hal_uart.a
[123/139] Linking C static library esp-idf/esp_hal_wdt/libesp_hal_wdt.a
[124/139] Linking C static library esp-idf/esp_hal_timg/libesp_hal_timg.a
[125/139] Linking C static library esp-idf/esp_bootloader_format/libesp_bootloader_format.a
[126/139] Linking C static library esp-idf/spi_flash/libspi_flash.a
[127/139] Linking C static library esp-idf/esp_hal_mspi/libesp_hal_mspi.a
[128/139] Linking C static library esp-idf/esp_hal_clock/libesp_hal_clock.a
[129/139] Linking C static library esp-idf/esp_hal_gpspi/libesp_hal_gpspi.a
[130/139] Linking C static library esp-idf/micro-ecc/libmicro-ecc.a
[131/139] Linking C static library esp-idf/esp_hal_pmu/libesp_hal_pmu.a
[132/139] Linking C static library esp-idf/esp_hal_gpio/libesp_hal_gpio.a
[133/139] Linking C static library esp-idf/hal/libhal.a
[134/139] Linking C static library esp-idf/soc/libsoc.a
[135/139] Linking C static library esp-idf/xtensa/libxtensa.a
[136/139] Linking C static library esp-idf/main/libmain.a
[137/139] Linking C executable bootloader.elf
[138/139] Generating binary image from built executable
esptool v5.2.dev4
Creating ESP32 image...
Merged 2 ELF sections.
Successfully created ESP32 image.
Generated /root/rtos_projects/rtos_led_project/build/bootloader/bootloader.bin
[139/139] cd /root/rtos_projects/rtos_led_project/build/bootloader && /root/.espressif/python_env/idf6.1_py3.10_env/bin/python /root/esp-idf/components/partition_table/check_sizes.py --offset 0x8000 bootloader 0x1000 /root/rtos_projects/rtos_led_project/build/bootloader/bootloader.bin
Bootloader binary size 0x6610 bytes. 0x9f0 bytes (9%) free.
ninja: build stopped: subcommand failed.
ninja failed with exit code 1, output of the command is in the /root/rtos_projects/rtos_led_project/build/log/idf_py_stderr_output_51965 and /root/rtos_projects/rtos_led_project/build/log/idf_py_stdout_output_51965
